2017-12-01 13:19:05  [ main:0 ] - [ DEBUG ]  Adding [systemProperties] PropertySource with lowest search precedence
2017-12-01 13:19:05  [ main:0 ] - [ DEBUG ]  Adding [systemEnvironment] PropertySource with lowest search precedence
2017-12-01 13:19:05  [ main:0 ] - [ DEBUG ]  Initialized StandardEnvironment with PropertySources [systemProperties,systemEnvironment]
2017-12-01 13:19:05  [ main:10 ] - [ INFO ]  Refreshing org.springframework.context.support.ClassPathXmlApplicationContext@3d99ea49: startup date [Fri Dec 01 13:19:05 GMT+08:00 2017]; root of context hierarchy
2017-12-01 13:19:05  [ main:50 ] - [ DEBUG ]  Adding [systemProperties] PropertySource with lowest search precedence
2017-12-01 13:19:05  [ main:50 ] - [ DEBUG ]  Adding [systemEnvironment] PropertySource with lowest search precedence
2017-12-01 13:19:05  [ main:50 ] - [ DEBUG ]  Initialized StandardEnvironment with PropertySources [systemProperties,systemEnvironment]
2017-12-01 13:19:05  [ main:60 ] - [ INFO ]  Loading XML bean definitions from class path resource [applicationContext.xml]
2017-12-01 13:19:05  [ main:70 ] - [ DEBUG ]  Using JAXP provider [com.sun.org.apache.xerces.internal.jaxp.DocumentBuilderFactoryImpl]
2017-12-01 13:19:05  [ main:90 ] - [ DEBUG ]  Loading schema mappings from [META-INF/spring.schemas]
2017-12-01 13:19:05  [ main:90 ] - [ DEBUG ]  Loaded schema mappings: {http://www.springframework.org/schema/util/spring-util.xsd=org/springframework/beans/factory/xml/spring-util-3.2.xsd, http://www.springframework.org/schema/jee/spring-jee-3.2.xsd=org/springframework/ejb/config/spring-jee-3.2.xsd, http://www.springframework.org/schema/beans/spring-beans-3.1.xsd=org/springframework/beans/factory/xml/spring-beans-3.1.xsd, http://www.springframework.org/schema/task/spring-task.xsd=org/springframework/scheduling/config/spring-task-3.2.xsd, http://www.springframework.org/schema/cache/spring-cache.xsd=org/springframework/cache/config/spring-cache-3.2.xsd, http://www.springframework.org/schema/aop/spring-aop-3.0.xsd=org/springframework/aop/config/spring-aop-3.0.xsd, http://www.springframework.org/schema/task/spring-task-3.1.xsd=org/springframework/scheduling/config/spring-task-3.1.xsd, http://www.springframework.org/schema/aop/spring-aop-2.0.xsd=org/springframework/aop/config/spring-aop-2.0.xsd, http://www.springframework.org/schema/tool/spring-tool-2.5.xsd=org/springframework/beans/factory/xml/spring-tool-2.5.xsd, http://www.springframework.org/schema/beans/spring-beans.xsd=org/springframework/beans/factory/xml/spring-beans-3.2.xsd, http://www.springframework.org/schema/jee/spring-jee-2.5.xsd=org/springframework/ejb/config/spring-jee-2.5.xsd, http://www.springframework.org/schema/jdbc/spring-jdbc-3.1.xsd=org/springframework/jdbc/config/spring-jdbc-3.1.xsd, http://www.springframework.org/schema/tool/spring-tool-3.1.xsd=org/springframework/beans/factory/xml/spring-tool-3.1.xsd, http://www.springframework.org/schema/jee/spring-jee-3.1.xsd=org/springframework/ejb/config/spring-jee-3.1.xsd, http://www.springframework.org/schema/aop/spring-aop.xsd=org/springframework/aop/config/spring-aop-3.2.xsd, http://www.springframework.org/schema/tx/spring-tx-3.2.xsd=org/springframework/transaction/config/spring-tx-3.2.xsd, http://www.springframework.org/schema/context/spring-context-3.2.xsd=org/springframework/context/config/spring-context-3.2.xsd, http://www.springframework.org/schema/util/spring-util-3.2.xsd=org/springframework/beans/factory/xml/spring-util-3.2.xsd, http://www.springframework.org/schema/beans/spring-beans-2.0.xsd=org/springframework/beans/factory/xml/spring-beans-2.0.xsd, http://www.springframework.org/schema/lang/spring-lang-3.2.xsd=org/springframework/scripting/config/spring-lang-3.2.xsd, http://www.springframework.org/schema/beans/spring-beans-3.0.xsd=org/springframework/beans/factory/xml/spring-beans-3.0.xsd, http://www.springframework.org/schema/cache/spring-cache-3.2.xsd=org/springframework/cache/config/spring-cache-3.2.xsd, http://www.springframework.org/schema/task/spring-task-3.0.xsd=org/springframework/scheduling/config/spring-task-3.0.xsd, http://www.springframework.org/schema/tx/spring-tx-2.5.xsd=org/springframework/transaction/config/spring-tx-2.5.xsd, http://www.springframework.org/schema/context/spring-context-2.5.xsd=org/springframework/context/config/spring-context-2.5.xsd, http://www.springframework.org/schema/jdbc/spring-jdbc-3.0.xsd=org/springframework/jdbc/config/spring-jdbc-3.0.xsd, http://www.springframework.org/schema/tool/spring-tool-3.0.xsd=org/springframework/beans/factory/xml/spring-tool-3.0.xsd, http://www.springframework.org/schema/tx/spring-tx.xsd=org/springframework/transaction/config/spring-tx-3.2.xsd, http://www.springframework.org/schema/util/spring-util-2.5.xsd=org/springframework/beans/factory/xml/spring-util-2.5.xsd, http://www.springframework.org/schema/tool/spring-tool-2.0.xsd=org/springframework/beans/factory/xml/spring-tool-2.0.xsd, http://www.springframework.org/schema/lang/spring-lang.xsd=org/springframework/scripting/config/spring-lang-3.2.xsd, http://www.springframework.org/schema/lang/spring-lang-2.5.xsd=org/springframework/scripting/config/spring-lang-2.5.xsd, http://www.springframework.org/schema/aop/spring-aop-3.2.xsd=org/springframework/aop/config/spring-aop-3.2.xsd, http://www.springframework.org/schema/jee/spring-jee-3.0.xsd=org/springframework/ejb/config/spring-jee-3.0.xsd, http://www.springframework.org/schema/tx/spring-tx-3.1.xsd=org/springframework/transaction/config/spring-tx-3.1.xsd, http://www.springframework.org/schema/jee/spring-jee-2.0.xsd=org/springframework/ejb/config/spring-jee-2.0.xsd, http://www.springframework.org/schema/context/spring-context-3.1.xsd=org/springframework/context/config/spring-context-3.1.xsd, http://www.springframework.org/schema/util/spring-util-3.1.xsd=org/springframework/beans/factory/xml/spring-util-3.1.xsd, http://www.springframework.org/schema/lang/spring-lang-3.1.xsd=org/springframework/scripting/config/spring-lang-3.1.xsd, http://www.springframework.org/schema/cache/spring-cache-3.1.xsd=org/springframework/cache/config/spring-cache-3.1.xsd, http://www.springframework.org/schema/context/spring-context.xsd=org/springframework/context/config/spring-context-3.2.xsd, http://www.springframework.org/schema/jee/spring-jee.xsd=org/springframework/ejb/config/spring-jee-3.2.xsd, http://www.springframework.org/schema/aop/spring-aop-2.5.xsd=org/springframework/aop/config/spring-aop-2.5.xsd, http://www.springframework.org/schema/jdbc/spring-jdbc.xsd=org/springframework/jdbc/config/spring-jdbc-3.2.xsd, http://www.springframework.org/schema/beans/spring-beans-3.2.xsd=org/springframework/beans/factory/xml/spring-beans-3.2.xsd, http://www.springframework.org/schema/tx/spring-tx-2.0.xsd=org/springframework/transaction/config/spring-tx-2.0.xsd, http://www.springframework.org/schema/aop/spring-aop-3.1.xsd=org/springframework/aop/config/spring-aop-3.1.xsd, http://www.springframework.org/schema/task/spring-task-3.2.xsd=org/springframework/scheduling/config/spring-task-3.2.xsd, http://www.springframework.org/schema/tx/spring-tx-3.0.xsd=org/springframework/transaction/config/spring-tx-3.0.xsd, http://www.springframework.org/schema/context/spring-context-3.0.xsd=org/springframework/context/config/spring-context-3.0.xsd, http://www.springframework.org/schema/tool/spring-tool.xsd=org/springframework/beans/factory/xml/spring-tool-3.2.xsd, http://www.springframework.org/schema/util/spring-util-3.0.xsd=org/springframework/beans/factory/xml/spring-util-3.0.xsd, http://www.springframework.org/schema/util/spring-util-2.0.xsd=org/springframework/beans/factory/xml/spring-util-2.0.xsd, http://www.springframework.org/schema/lang/spring-lang-3.0.xsd=org/springframework/scripting/config/spring-lang-3.0.xsd, http://www.springframework.org/schema/lang/spring-lang-2.0.xsd=org/springframework/scripting/config/spring-lang-2.0.xsd, http://www.springframework.org/schema/jdbc/spring-jdbc-3.2.xsd=org/springframework/jdbc/config/spring-jdbc-3.2.xsd, http://www.springframework.org/schema/tool/spring-tool-3.2.xsd=org/springframework/beans/factory/xml/spring-tool-3.2.xsd, http://www.springframework.org/schema/beans/spring-beans-2.5.xsd=org/springframework/beans/factory/xml/spring-beans-2.5.xsd}
2017-12-01 13:19:05  [ main:100 ] - [ DEBUG ]  Found XML schema [http://www.springframework.org/schema/beans/spring-beans.xsd] in classpath: org/springframework/beans/factory/xml/spring-beans-3.2.xsd
2017-12-01 13:19:05  [ main:130 ] - [ DEBUG ]  Found XML schema [http://www.springframework.org/schema/context/spring-context.xsd] in classpath: org/springframework/context/config/spring-context-3.2.xsd
2017-12-01 13:19:05  [ main:140 ] - [ DEBUG ]  Found XML schema [http://www.springframework.org/schema/tool/spring-tool-3.2.xsd] in classpath: org/springframework/beans/factory/xml/spring-tool-3.2.xsd
2017-12-01 13:19:05  [ main:150 ] - [ DEBUG ]  Loading bean definitions
2017-12-01 13:19:05  [ main:160 ] - [ DEBUG ]  Loaded NamespaceHandler mappings: {http://www.springframework.org/schema/p=org.springframework.beans.factory.xml.SimplePropertyNamespaceHandler, http://www.springframework.org/schema/util=org.springframework.beans.factory.xml.UtilNamespaceHandler, http://www.springframework.org/schema/jee=org.springframework.ejb.config.JeeNamespaceHandler, http://www.springframework.org/schema/aop=org.springframework.aop.config.AopNamespaceHandler, http://www.springframework.org/schema/jdbc=org.springframework.jdbc.config.JdbcNamespaceHandler, http://www.springframework.org/schema/cache=org.springframework.cache.config.CacheNamespaceHandler, http://www.springframework.org/schema/c=org.springframework.beans.factory.xml.SimpleConstructorNamespaceHandler, http://www.springframework.org/schema/tx=org.springframework.transaction.config.TxNamespaceHandler, http://www.springframework.org/schema/task=org.springframework.scheduling.config.TaskNamespaceHandler, http://www.springframework.org/schema/lang=org.springframework.scripting.config.LangNamespaceHandler, http://www.springframework.org/schema/context=org.springframework.context.config.ContextNamespaceHandler}
2017-12-01 13:19:05  [ main:190 ] - [ DEBUG ]  Adding [systemProperties] PropertySource with lowest search precedence
2017-12-01 13:19:05  [ main:190 ] - [ DEBUG ]  Adding [systemEnvironment] PropertySource with lowest search precedence
2017-12-01 13:19:05  [ main:190 ] - [ DEBUG ]  Initialized StandardEnvironment with PropertySources [systemProperties,systemEnvironment]
2017-12-01 13:19:05  [ main:200 ] - [ DEBUG ]  Looking for matching resources in directory tree [E:\GitResp\NettyChat\ChatClient\target\classes\william]
2017-12-01 13:19:05  [ main:200 ] - [ DEBUG ]  Searching directory [E:\GitResp\NettyChat\ChatClient\target\classes\william] for files matching pattern [E:/GitResp/NettyChat/ChatClient/target/classes/william/**/*.class]
2017-12-01 13:19:05  [ main:200 ] - [ DEBUG ]  Searching directory [E:\GitResp\NettyChat\ChatClient\target\classes\william\invoker] for files matching pattern [E:/GitResp/NettyChat/ChatClient/target/classes/william/**/*.class]
2017-12-01 13:19:05  [ main:200 ] - [ DEBUG ]  Searching directory [E:\GitResp\NettyChat\ChatClient\target\classes\william\main] for files matching pattern [E:/GitResp/NettyChat/ChatClient/target/classes/william/**/*.class]
2017-12-01 13:19:05  [ main:200 ] - [ DEBUG ]  Searching directory [E:\GitResp\NettyChat\ChatClient\target\classes\william\nettyhandler] for files matching pattern [E:/GitResp/NettyChat/ChatClient/target/classes/william/**/*.class]
2017-12-01 13:19:05  [ main:200 ] - [ DEBUG ]  Searching directory [E:\GitResp\NettyChat\ChatClient\target\classes\william\scanner] for files matching pattern [E:/GitResp/NettyChat/ChatClient/target/classes/william/**/*.class]
2017-12-01 13:19:05  [ main:200 ] - [ DEBUG ]  Looking for matching resources in directory tree [E:\GitResp\NettyChat\ChatServer\target\classes\william]
2017-12-01 13:19:05  [ main:200 ] - [ DEBUG ]  Searching directory [E:\GitResp\NettyChat\ChatServer\target\classes\william] for files matching pattern [E:/GitResp/NettyChat/ChatServer/target/classes/william/**/*.class]
2017-12-01 13:19:05  [ main:210 ] - [ DEBUG ]  Searching directory [E:\GitResp\NettyChat\ChatServer\target\classes\william\entity] for files matching pattern [E:/GitResp/NettyChat/ChatServer/target/classes/william/**/*.class]
2017-12-01 13:19:05  [ main:210 ] - [ DEBUG ]  Searching directory [E:\GitResp\NettyChat\ChatServer\target\classes\william\entity\request] for files matching pattern [E:/GitResp/NettyChat/ChatServer/target/classes/william/**/*.class]
2017-12-01 13:19:05  [ main:210 ] - [ DEBUG ]  Searching directory [E:\GitResp\NettyChat\ChatServer\target\classes\william\entity\response] for files matching pattern [E:/GitResp/NettyChat/ChatServer/target/classes/william/**/*.class]
2017-12-01 13:19:05  [ main:210 ] - [ DEBUG ]  Searching directory [E:\GitResp\NettyChat\ChatServer\target\classes\william\invoker] for files matching pattern [E:/GitResp/NettyChat/ChatServer/target/classes/william/**/*.class]
2017-12-01 13:19:05  [ main:210 ] - [ DEBUG ]  Searching directory [E:\GitResp\NettyChat\ChatServer\target\classes\william\main] for files matching pattern [E:/GitResp/NettyChat/ChatServer/target/classes/william/**/*.class]
2017-12-01 13:19:05  [ main:210 ] - [ DEBUG ]  Searching directory [E:\GitResp\NettyChat\ChatServer\target\classes\william\module] for files matching pattern [E:/GitResp/NettyChat/ChatServer/target/classes/william/**/*.class]
2017-12-01 13:19:05  [ main:210 ] - [ DEBUG ]  Searching directory [E:\GitResp\NettyChat\ChatServer\target\classes\william\module\chat] for files matching pattern [E:/GitResp/NettyChat/ChatServer/target/classes/william/**/*.class]
2017-12-01 13:19:05  [ main:210 ] - [ DEBUG ]  Searching directory [E:\GitResp\NettyChat\ChatServer\target\classes\william\module\chat\service] for files matching pattern [E:/GitResp/NettyChat/ChatServer/target/classes/william/**/*.class]
2017-12-01 13:19:05  [ main:210 ] - [ DEBUG ]  Searching directory [E:\GitResp\NettyChat\ChatServer\target\classes\william\module\plater] for files matching pattern [E:/GitResp/NettyChat/ChatServer/target/classes/william/**/*.class]
2017-12-01 13:19:05  [ main:210 ] - [ DEBUG ]  Searching directory [E:\GitResp\NettyChat\ChatServer\target\classes\william\module\plater\handler] for files matching pattern [E:/GitResp/NettyChat/ChatServer/target/classes/william/**/*.class]
2017-12-01 13:19:05  [ main:210 ] - [ DEBUG ]  Searching directory [E:\GitResp\NettyChat\ChatServer\target\classes\william\nettyhandler] for files matching pattern [E:/GitResp/NettyChat/ChatServer/target/classes/william/**/*.class]
2017-12-01 13:19:05  [ main:210 ] - [ DEBUG ]  Searching directory [E:\GitResp\NettyChat\ChatServer\target\classes\william\scanner] for files matching pattern [E:/GitResp/NettyChat/ChatServer/target/classes/william/**/*.class]
2017-12-01 13:19:05  [ main:210 ] - [ DEBUG ]  Looking for matching resources in directory tree [E:\GitResp\NettyChat\ChatCommon\target\classes\william]
2017-12-01 13:19:05  [ main:210 ] - [ DEBUG ]  Searching directory [E:\GitResp\NettyChat\ChatCommon\target\classes\william] for files matching pattern [E:/GitResp/NettyChat/ChatCommon/target/classes/william/**/*.class]
2017-12-01 13:19:05  [ main:210 ] - [ DEBUG ]  Searching directory [E:\GitResp\NettyChat\ChatCommon\target\classes\william\core] for files matching pattern [E:/GitResp/NettyChat/ChatCommon/target/classes/william/**/*.class]
2017-12-01 13:19:05  [ main:210 ] - [ DEBUG ]  Searching directory [E:\GitResp\NettyChat\ChatCommon\target\classes\william\core\annotation] for files matching pattern [E:/GitResp/NettyChat/ChatCommon/target/classes/william/**/*.class]
2017-12-01 13:19:05  [ main:210 ] - [ DEBUG ]  Searching directory [E:\GitResp\NettyChat\ChatCommon\target\classes\william\core\codec] for files matching pattern [E:/GitResp/NettyChat/ChatCommon/target/classes/william/**/*.class]
2017-12-01 13:19:05  [ main:210 ] - [ DEBUG ]  Searching directory [E:\GitResp\NettyChat\ChatCommon\target\classes\william\core\constant] for files matching pattern [E:/GitResp/NettyChat/ChatCommon/target/classes/william/**/*.class]
2017-12-01 13:19:05  [ main:210 ] - [ DEBUG ]  Searching directory [E:\GitResp\NettyChat\ChatCommon\target\classes\william\core\entity] for files matching pattern [E:/GitResp/NettyChat/ChatCommon/target/classes/william/**/*.class]
2017-12-01 13:19:05  [ main:210 ] - [ DEBUG ]  Searching directory [E:\GitResp\NettyChat\ChatCommon\target\classes\william\core\serial] for files matching pattern [E:/GitResp/NettyChat/ChatCommon/target/classes/william/**/*.class]
2017-12-01 13:19:05  [ main:220 ] - [ DEBUG ]  Searching directory [E:\GitResp\NettyChat\ChatCommon\target\classes\william\core\session] for files matching pattern [E:/GitResp/NettyChat/ChatCommon/target/classes/william/**/*.class]
2017-12-01 13:19:05  [ main:220 ] - [ DEBUG ]  Searching directory [E:\GitResp\NettyChat\ChatCommon\target\classes\william\module] for files matching pattern [E:/GitResp/NettyChat/ChatCommon/target/classes/william/**/*.class]
2017-12-01 13:19:05  [ main:220 ] - [ DEBUG ]  Searching directory [E:\GitResp\NettyChat\ChatCommon\target\classes\william\module\chat] for files matching pattern [E:/GitResp/NettyChat/ChatCommon/target/classes/william/**/*.class]
2017-12-01 13:19:05  [ main:220 ] - [ DEBUG ]  Searching directory [E:\GitResp\NettyChat\ChatCommon\target\classes\william\module\chat\proto] for files matching pattern [E:/GitResp/NettyChat/ChatCommon/target/classes/william/**/*.class]
2017-12-01 13:19:05  [ main:220 ] - [ DEBUG ]  Searching directory [E:\GitResp\NettyChat\ChatCommon\target\classes\william\module\player] for files matching pattern [E:/GitResp/NettyChat/ChatCommon/target/classes/william/**/*.class]
2017-12-01 13:19:05  [ main:220 ] - [ DEBUG ]  Searching directory [E:\GitResp\NettyChat\ChatCommon\target\classes\william\module\player\proto] for files matching pattern [E:/GitResp/NettyChat/ChatCommon/target/classes/william/**/*.class]
2017-12-01 13:19:05  [ main:220 ] - [ DEBUG ]  Searching directory [E:\GitResp\NettyChat\ChatCommon\target\classes\william\util] for files matching pattern [E:/GitResp/NettyChat/ChatCommon/target/classes/william/**/*.class]
2017-12-01 13:19:05  [ main:220 ] - [ DEBUG ]  Resolved location pattern [classpath*:william/**/*.class] to resources [file [E:\GitResp\NettyChat\ChatClient\target\classes\william\invoker\Invoker.class], file [E:\GitResp\NettyChat\ChatClient\target\classes\william\invoker\InvokerHolder.class], file [E:\GitResp\NettyChat\ChatClient\target\classes\william\main\Client$1.class], file [E:\GitResp\NettyChat\ChatClient\target\classes\william\main\Client.class], file [E:\GitResp\NettyChat\ChatClient\target\classes\william\main\ClientMain.class], file [E:\GitResp\NettyChat\ChatClient\target\classes\william\nettyhandler\ChatClientHandler$1.class], file [E:\GitResp\NettyChat\ChatClient\target\classes\william\nettyhandler\ChatClientHandler.class], file [E:\GitResp\NettyChat\ChatClient\target\classes\william\scanner\HandlerScanner.class], file [E:\GitResp\NettyChat\ChatServer\target\classes\william\entity\request\PlayerLoginRequest.class], file [E:\GitResp\NettyChat\ChatServer\target\classes\william\entity\response\PlayerLoginResponse.class], file [E:\GitResp\NettyChat\ChatServer\target\classes\william\invoker\Invoker.class], file [E:\GitResp\NettyChat\ChatServer\target\classes\william\invoker\InvokerHolder.class], file [E:\GitResp\NettyChat\ChatServer\target\classes\william\main\Server$1.class], file [E:\GitResp\NettyChat\ChatServer\target\classes\william\main\Server.class], file [E:\GitResp\NettyChat\ChatServer\target\classes\william\main\ServerMain.class], file [E:\GitResp\NettyChat\ChatServer\target\classes\william\module\chat\service\ChatService.class], file [E:\GitResp\NettyChat\ChatServer\target\classes\william\module\plater\handler\PlayerHandler.class], file [E:\GitResp\NettyChat\ChatServer\target\classes\william\module\plater\handler\PlayerHandlerImpl.class], file [E:\GitResp\NettyChat\ChatServer\target\classes\william\nettyhandler\ChatServerHandler.class], file [E:\GitResp\NettyChat\ChatServer\target\classes\william\scanner\HandlerScanner.class], file [E:\GitResp\NettyChat\ChatCommon\target\classes\william\core\annotation\SocketCommand.class], file [E:\GitResp\NettyChat\ChatCommon\target\classes\william\core\annotation\SocketModule.class], file [E:\GitResp\NettyChat\ChatCommon\target\classes\william\core\codec\ConstantValue.class], file [E:\GitResp\NettyChat\ChatCommon\target\classes\william\core\codec\RequestDecoder.class], file [E:\GitResp\NettyChat\ChatCommon\target\classes\william\core\codec\RequestEncoder.class], file [E:\GitResp\NettyChat\ChatCommon\target\classes\william\core\codec\ResponseDecoder.class], file [E:\GitResp\NettyChat\ChatCommon\target\classes\william\core\codec\ResponseEncoder.class], file [E:\GitResp\NettyChat\ChatCommon\target\classes\william\core\constant\ConnectionConst.class], file [E:\GitResp\NettyChat\ChatCommon\target\classes\william\core\entity\ChatMessage.class], file [E:\GitResp\NettyChat\ChatCommon\target\classes\william\core\entity\Request.class], file [E:\GitResp\NettyChat\ChatCommon\target\classes\william\core\entity\Response.class], file [E:\GitResp\NettyChat\ChatCommon\target\classes\william\core\entity\Result.class], file [E:\GitResp\NettyChat\ChatCommon\target\classes\william\core\entity\ResultCode.class], file [E:\GitResp\NettyChat\ChatCommon\target\classes\william\core\serial\BufFactory.class], file [E:\GitResp\NettyChat\ChatCommon\target\classes\william\core\serial\Serializer.class], file [E:\GitResp\NettyChat\ChatCommon\target\classes\william\core\session\NettySessionImpl.class], file [E:\GitResp\NettyChat\ChatCommon\target\classes\william\core\session\Session.class], file [E:\GitResp\NettyChat\ChatCommon\target\classes\william\core\session\SessionManager$SingletonHolder.class], file [E:\GitResp\NettyChat\ChatCommon\target\classes\william\core\session\SessionManager.class], file [E:\GitResp\NettyChat\ChatCommon\target\classes\william\module\chat\ChatCmd.class], file [E:\GitResp\NettyChat\ChatCommon\target\classes\william\module\chat\proto\ChatModule$1.class], file [E:\GitResp\NettyChat\ChatCommon\target\classes\william\module\chat\proto\ChatModule$ChatResponse$Builder.class], file [E:\GitResp\NettyChat\ChatCommon\target\classes\william\module\chat\proto\ChatModule$ChatResponse.class], file [E:\GitResp\NettyChat\ChatCommon\target\classes\william\module\chat\proto\ChatModule$ChatResponseOrBuilder.class], file [E:\GitResp\NettyChat\ChatCommon\target\classes\william\module\chat\proto\ChatModule$ChatType$1.class], file [E:\GitResp\NettyChat\ChatCommon\target\classes\william\module\chat\proto\ChatModule$ChatType.class], file [E:\GitResp\NettyChat\ChatCommon\target\classes\william\module\chat\proto\ChatModule$PrivateChatRequest$Builder.class], file [E:\GitResp\NettyChat\ChatCommon\target\classes\william\module\chat\proto\ChatModule$PrivateChatRequest.class], file [E:\GitResp\NettyChat\ChatCommon\target\classes\william\module\chat\proto\ChatModule$PrivateChatRequestOrBuilder.class], file [E:\GitResp\NettyChat\ChatCommon\target\classes\william\module\chat\proto\ChatModule$PublicChatRequest$Builder.class], file [E:\GitResp\NettyChat\ChatCommon\target\classes\william\module\chat\proto\ChatModule$PublicChatRequest.class], file [E:\GitResp\NettyChat\ChatCommon\target\classes\william\module\chat\proto\ChatModule$PublicChatRequestOrBuilder.class], file [E:\GitResp\NettyChat\ChatCommon\target\classes\william\module\chat\proto\ChatModule.class], file [E:\GitResp\NettyChat\ChatCommon\target\classes\william\module\ModuleId.class], file [E:\GitResp\NettyChat\ChatCommon\target\classes\william\module\player\PlayerCmd.class], file [E:\GitResp\NettyChat\ChatCommon\target\classes\william\module\player\proto\PlayerModule$1.class], file [E:\GitResp\NettyChat\ChatCommon\target\classes\william\module\player\proto\PlayerModule$LoginRequest$Builder.class], file [E:\GitResp\NettyChat\ChatCommon\target\classes\william\module\player\proto\PlayerModule$LoginRequest.class], file [E:\GitResp\NettyChat\ChatCommon\target\classes\william\module\player\proto\PlayerModule$LoginRequestOrBuilder.class], file [E:\GitResp\NettyChat\ChatCommon\target\classes\william\module\player\proto\PlayerModule$PlayerResponse$Builder.class], file [E:\GitResp\NettyChat\ChatCommon\target\classes\william\module\player\proto\PlayerModule$PlayerResponse.class], file [E:\GitResp\NettyChat\ChatCommon\target\classes\william\module\player\proto\PlayerModule$PlayerResponseOrBuilder.class], file [E:\GitResp\NettyChat\ChatCommon\target\classes\william\module\player\proto\PlayerModule$RegisterRequest$Builder.class], file [E:\GitResp\NettyChat\ChatCommon\target\classes\william\module\player\proto\PlayerModule$RegisterRequest.class], file [E:\GitResp\NettyChat\ChatCommon\target\classes\william\module\player\proto\PlayerModule$RegisterRequestOrBuilder.class], file [E:\GitResp\NettyChat\ChatCommon\target\classes\william\module\player\proto\PlayerModule.class], file [E:\GitResp\NettyChat\ChatCommon\target\classes\william\util\BaseDecoder.class], file [E:\GitResp\NettyChat\ChatCommon\target\classes\william\util\CommonUtil.class], file [E:\GitResp\NettyChat\ChatCommon\target\classes\william\util\EmptyUtil.class], file [E:\GitResp\NettyChat\ChatCommon\target\classes\william\util\LogUtil.class]]
2017-12-01 13:19:05  [ main:250 ] - [ DEBUG ]  Identified candidate component class: file [E:\GitResp\NettyChat\ChatClient\target\classes\william\main\Client.class]
2017-12-01 13:19:05  [ main:260 ] - [ DEBUG ]  Identified candidate component class: file [E:\GitResp\NettyChat\ChatClient\target\classes\william\scanner\HandlerScanner.class]
2017-12-01 13:19:05  [ main:260 ] - [ DEBUG ]  Identified candidate component class: file [E:\GitResp\NettyChat\ChatServer\target\classes\william\main\Server.class]
2017-12-01 13:19:05  [ main:270 ] - [ DEBUG ]  Identified candidate component class: file [E:\GitResp\NettyChat\ChatServer\target\classes\william\module\plater\handler\PlayerHandlerImpl.class]
2017-12-01 13:19:05  [ main:270 ] - [ DEBUG ]  Identified candidate component class: file [E:\GitResp\NettyChat\ChatServer\target\classes\william\scanner\HandlerScanner.class]
2017-12-01 13:19:05  [ main:290 ] - [ DEBUG ]  Loaded 10 bean definitions from location pattern [applicationContext.xml]
2017-12-01 13:19:05  [ main:290 ] - [ DEBUG ]  Bean factory for org.springframework.context.support.ClassPathXmlApplicationContext@3d99ea49: org.springframework.beans.factory.support.DefaultListableBeanFactory@e1e0860: defining beans [org.springframework.context.annotation.internalConfigurationAnnotationProcessor,org.springframework.context.annotation.internalAutowiredAnnotationProcessor,org.springframework.context.annotation.internalRequiredAnnotationProcessor,org.springframework.context.annotation.internalCommonAnnotationProcessor,org.springframework.context.annotation.internalPersistenceAnnotationProcessor,client,handlerScanner,server,playerHandlerImpl,org.springframework.context.support.PropertySourcesPlaceholderConfigurer#0]; root of factory hierarchy
2017-12-01 13:19:05  [ main:300 ] - [ DEBUG ]  Creating shared instance of singleton bean 'org.springframework.context.annotation.internalConfigurationAnnotationProcessor'
2017-12-01 13:19:05  [ main:300 ] - [ DEBUG ]  Creating instance of bean 'org.springframework.context.annotation.internalConfigurationAnnotationProcessor'
2017-12-01 13:19:05  [ main:320 ] - [ DEBUG ]  Eagerly caching bean 'org.springframework.context.annotation.internalConfigurationAnnotationProcessor' to allow for resolving potential circular references
2017-12-01 13:19:05  [ main:320 ] - [ DEBUG ]  Finished creating instance of bean 'org.springframework.context.annotation.internalConfigurationAnnotationProcessor'
2017-12-01 13:19:05  [ main:340 ] - [ DEBUG ]  Creating shared instance of singleton bean 'org.springframework.context.support.PropertySourcesPlaceholderConfigurer#0'
2017-12-01 13:19:05  [ main:340 ] - [ DEBUG ]  Creating instance of bean 'org.springframework.context.support.PropertySourcesPlaceholderConfigurer#0'
2017-12-01 13:19:05  [ main:340 ] - [ DEBUG ]  Eagerly caching bean 'org.springframework.context.support.PropertySourcesPlaceholderConfigurer#0' to allow for resolving potential circular references
2017-12-01 13:19:05  [ main:370 ] - [ DEBUG ]  Looking for matching resources in directory tree [E:\GitResp\NettyChat\ChatClient\target\classes]
2017-12-01 13:19:05  [ main:370 ] - [ DEBUG ]  Searching directory [E:\GitResp\NettyChat\ChatClient\target\classes] for files matching pattern [E:/GitResp/NettyChat/ChatClient/target/classes/*.properties]
2017-12-01 13:19:05  [ main:370 ] - [ DEBUG ]  Resolved location pattern [classpath:/*.properties] to resources [file [E:\GitResp\NettyChat\ChatClient\target\classes\log4j.properties]]
2017-12-01 13:19:05  [ main:370 ] - [ DEBUG ]  Finished creating instance of bean 'org.springframework.context.support.PropertySourcesPlaceholderConfigurer#0'
2017-12-01 13:19:05  [ main:370 ] - [ DEBUG ]  Adding [environmentProperties] PropertySource with lowest search precedence
2017-12-01 13:19:05  [ main:370 ] - [ INFO ]  Loading properties file from file [E:\GitResp\NettyChat\ChatClient\target\classes\log4j.properties]
2017-12-01 13:19:05  [ main:370 ] - [ DEBUG ]  Adding [localProperties] PropertySource with lowest search precedence
2017-12-01 13:19:05  [ main:390 ] - [ DEBUG ]  Creating shared instance of singleton bean 'org.springframework.context.annotation.internalAutowiredAnnotationProcessor'
2017-12-01 13:19:05  [ main:390 ] - [ DEBUG ]  Creating instance of bean 'org.springframework.context.annotation.internalAutowiredAnnotationProcessor'
2017-12-01 13:19:05  [ main:390 ] - [ DEBUG ]  Eagerly caching bean 'org.springframework.context.annotation.internalAutowiredAnnotationProcessor' to allow for resolving potential circular references
2017-12-01 13:19:05  [ main:390 ] - [ DEBUG ]  Finished creating instance of bean 'org.springframework.context.annotation.internalAutowiredAnnotationProcessor'
2017-12-01 13:19:05  [ main:390 ] - [ DEBUG ]  Creating shared instance of singleton bean 'org.springframework.context.annotation.internalRequiredAnnotationProcessor'
2017-12-01 13:19:05  [ main:390 ] - [ DEBUG ]  Creating instance of bean 'org.springframework.context.annotation.internalRequiredAnnotationProcessor'
2017-12-01 13:19:05  [ main:390 ] - [ DEBUG ]  Eagerly caching bean 'org.springframework.context.annotation.internalRequiredAnnotationProcessor' to allow for resolving potential circular references
2017-12-01 13:19:05  [ main:390 ] - [ DEBUG ]  Finished creating instance of bean 'org.springframework.context.annotation.internalRequiredAnnotationProcessor'
2017-12-01 13:19:05  [ main:390 ] - [ DEBUG ]  Creating shared instance of singleton bean 'org.springframework.context.annotation.internalCommonAnnotationProcessor'
2017-12-01 13:19:05  [ main:390 ] - [ DEBUG ]  Creating instance of bean 'org.springframework.context.annotation.internalCommonAnnotationProcessor'
2017-12-01 13:19:06  [ main:400 ] - [ DEBUG ]  Eagerly caching bean 'org.springframework.context.annotation.internalCommonAnnotationProcessor' to allow for resolving potential circular references
2017-12-01 13:19:06  [ main:400 ] - [ DEBUG ]  Finished creating instance of bean 'org.springframework.context.annotation.internalCommonAnnotationProcessor'
2017-12-01 13:19:06  [ main:400 ] - [ DEBUG ]  Creating shared instance of singleton bean 'org.springframework.context.annotation.internalPersistenceAnnotationProcessor'
2017-12-01 13:19:06  [ main:400 ] - [ DEBUG ]  Creating instance of bean 'org.springframework.context.annotation.internalPersistenceAnnotationProcessor'
2017-12-01 13:19:06  [ main:400 ] - [ DEBUG ]  Eagerly caching bean 'org.springframework.context.annotation.internalPersistenceAnnotationProcessor' to allow for resolving potential circular references
2017-12-01 13:19:06  [ main:400 ] - [ DEBUG ]  Finished creating instance of bean 'org.springframework.context.annotation.internalPersistenceAnnotationProcessor'
2017-12-01 13:19:06  [ main:400 ] - [ DEBUG ]  Creating shared instance of singleton bean 'org.springframework.context.annotation.ConfigurationClassPostProcessor.importAwareProcessor'
2017-12-01 13:19:06  [ main:400 ] - [ DEBUG ]  Creating instance of bean 'org.springframework.context.annotation.ConfigurationClassPostProcessor.importAwareProcessor'
2017-12-01 13:19:06  [ main:400 ] - [ DEBUG ]  Eagerly caching bean 'org.springframework.context.annotation.ConfigurationClassPostProcessor.importAwareProcessor' to allow for resolving potential circular references
2017-12-01 13:19:06  [ main:400 ] - [ DEBUG ]  Finished creating instance of bean 'org.springframework.context.annotation.ConfigurationClassPostProcessor.importAwareProcessor'
2017-12-01 13:19:06  [ main:400 ] - [ DEBUG ]  Creating shared instance of singleton bean 'handlerScanner'
2017-12-01 13:19:06  [ main:400 ] - [ DEBUG ]  Creating instance of bean 'handlerScanner'
2017-12-01 13:19:06  [ main:400 ] - [ DEBUG ]  Eagerly caching bean 'handlerScanner' to allow for resolving potential circular references
2017-12-01 13:19:06  [ main:400 ] - [ DEBUG ]  Finished creating instance of bean 'handlerScanner'
2017-12-01 13:19:06  [ main:410 ] - [ DEBUG ]  Unable to locate MessageSource with name 'messageSource': using default [org.springframework.context.support.DelegatingMessageSource@2a0406c4]
2017-12-01 13:19:06  [ main:410 ] - [ DEBUG ]  Unable to locate ApplicationEventMulticaster with name 'applicationEventMulticaster': using default [org.springframework.context.event.SimpleApplicationEventMulticaster@17fd8d42]
2017-12-01 13:19:06  [ main:410 ] - [ INFO ]  Pre-instantiating singletons in org.springframework.beans.factory.support.DefaultListableBeanFactory@e1e0860: defining beans [org.springframework.context.annotation.internalConfigurationAnnotationProcessor,org.springframework.context.annotation.internalAutowiredAnnotationProcessor,org.springframework.context.annotation.internalRequiredAnnotationProcessor,org.springframework.context.annotation.internalCommonAnnotationProcessor,org.springframework.context.annotation.internalPersistenceAnnotationProcessor,client,handlerScanner,server,playerHandlerImpl,org.springframework.context.support.PropertySourcesPlaceholderConfigurer#0,org.springframework.context.annotation.ConfigurationClassPostProcessor.importAwareProcessor]; root of factory hierarchy
2017-12-01 13:19:06  [ main:410 ] - [ DEBUG ]  Returning cached instance of singleton bean 'org.springframework.context.annotation.internalConfigurationAnnotationProcessor'
2017-12-01 13:19:06  [ main:410 ] - [ DEBUG ]  Returning cached instance of singleton bean 'org.springframework.context.annotation.internalAutowiredAnnotationProcessor'
2017-12-01 13:19:06  [ main:410 ] - [ DEBUG ]  Returning cached instance of singleton bean 'org.springframework.context.annotation.internalRequiredAnnotationProcessor'
2017-12-01 13:19:06  [ main:410 ] - [ DEBUG ]  Returning cached instance of singleton bean 'org.springframework.context.annotation.internalCommonAnnotationProcessor'
2017-12-01 13:19:06  [ main:410 ] - [ DEBUG ]  Returning cached instance of singleton bean 'org.springframework.context.annotation.internalPersistenceAnnotationProcessor'
2017-12-01 13:19:06  [ main:410 ] - [ DEBUG ]  Creating shared instance of singleton bean 'client'
2017-12-01 13:19:06  [ main:410 ] - [ DEBUG ]  Creating instance of bean 'client'
2017-12-01 13:19:06  [ main:420 ] - [ DEBUG ]  Eagerly caching bean 'client' to allow for resolving potential circular references
2017-12-01 13:19:06  [ main:420 ] - [ DEBUG ]  Finished creating instance of bean 'client'
2017-12-01 13:19:06  [ main:420 ] - [ DEBUG ]  Returning cached instance of singleton bean 'handlerScanner'
2017-12-01 13:19:06  [ main:420 ] - [ DEBUG ]  Creating shared instance of singleton bean 'server'
2017-12-01 13:19:06  [ main:420 ] - [ DEBUG ]  Creating instance of bean 'server'
2017-12-01 13:19:06  [ main:420 ] - [ DEBUG ]  Eagerly caching bean 'server' to allow for resolving potential circular references
2017-12-01 13:19:06  [ main:420 ] - [ DEBUG ]  Finished creating instance of bean 'server'
2017-12-01 13:19:06  [ main:420 ] - [ DEBUG ]  Creating shared instance of singleton bean 'playerHandlerImpl'
2017-12-01 13:19:06  [ main:420 ] - [ DEBUG ]  Creating instance of bean 'playerHandlerImpl'
2017-12-01 13:19:06  [ main:420 ] - [ DEBUG ]  Eagerly caching bean 'playerHandlerImpl' to allow for resolving potential circular references
2017-12-01 13:19:18  [ main:12782 ] - [ DEBUG ]  Finished creating instance of bean 'playerHandlerImpl'
2017-12-01 13:19:18  [ main:12782 ] - [ DEBUG ]  Returning cached instance of singleton bean 'org.springframework.context.support.PropertySourcesPlaceholderConfigurer#0'
2017-12-01 13:19:18  [ main:12782 ] - [ DEBUG ]  Returning cached instance of singleton bean 'org.springframework.context.annotation.ConfigurationClassPostProcessor.importAwareProcessor'
2017-12-01 13:19:18  [ main:12782 ] - [ DEBUG ]  Unable to locate LifecycleProcessor with name 'lifecycleProcessor': using default [org.springframework.context.support.DefaultLifecycleProcessor@d3f4809]
2017-12-01 13:19:18  [ main:12782 ] - [ DEBUG ]  Returning cached instance of singleton bean 'lifecycleProcessor'
2017-12-01 13:19:18  [ main:12792 ] - [ DEBUG ]  Searching for key 'spring.liveBeansView.mbeanDomain' in [systemProperties]
2017-12-01 13:19:18  [ main:12792 ] - [ DEBUG ]  Searching for key 'spring.liveBeansView.mbeanDomain' in [systemEnvironment]
2017-12-01 13:19:18  [ main:12792 ] - [ DEBUG ]  Could not find key 'spring.liveBeansView.mbeanDomain' in any property source. Returning [null]
2017-12-01 13:19:18  [ main:12792 ] - [ DEBUG ]  Returning cached instance of singleton bean 'client'
2017-12-01 13:19:18  [ main:12824 ] - [ DEBUG ]  Using SLF4J as the default logging framework
2017-12-01 13:19:18  [ main:12834 ] - [ DEBUG ]  -Dio.netty.eventLoopThreads: 8
2017-12-01 13:19:18  [ main:12854 ] - [ DEBUG ]  -Dio.netty.noKeySetOptimization: false
2017-12-01 13:19:18  [ main:12854 ] - [ DEBUG ]  -Dio.netty.selectorAutoRebuildThreshold: 512
2017-12-01 13:19:18  [ main:13054 ] - [ DEBUG ]  -Dio.netty.machineId: 48:4d:7e:c2:0f:aa:00:00 (auto-detected)
2017-12-01 13:19:18  [ main:13054 ] - [ DEBUG ]  -Dio.netty.processId: 3492 (auto-detected)
2017-12-01 13:19:18  [ main:13124 ] - [ DEBUG ]  -Dio.netty.initialSeedUniquifier: 0x671572935c0269f3
2017-12-01 13:19:18  [ main:13134 ] - [ DEBUG ]  -Dio.netty.threadLocalDirectBufferSize: 65536
2017-12-01 13:19:18  [ main:13234 ] - [ DEBUG ]  Platform: Windows
2017-12-01 13:19:18  [ main:13234 ] - [ DEBUG ]  Java version: 7
2017-12-01 13:19:18  [ main:13234 ] - [ DEBUG ]  -Dio.netty.noUnsafe: false
2017-12-01 13:19:18  [ main:13234 ] - [ DEBUG ]  java.nio.ByteBuffer.cleaner: available
2017-12-01 13:19:18  [ main:13234 ] - [ DEBUG ]  java.nio.Buffer.address: available
2017-12-01 13:19:18  [ main:13234 ] - [ DEBUG ]  sun.misc.Unsafe.theUnsafe: available
2017-12-01 13:19:18  [ main:13234 ] - [ DEBUG ]  sun.misc.Unsafe.copyMemory: available
2017-12-01 13:19:18  [ main:13234 ] - [ DEBUG ]  java.nio.Bits.unaligned: true
2017-12-01 13:19:18  [ main:13234 ] - [ DEBUG ]  sun.misc.Unsafe: available
2017-12-01 13:19:18  [ main:13234 ] - [ DEBUG ]  -Dio.netty.noJavassist: false
2017-12-01 13:19:18  [ main:13314 ] - [ DEBUG ]  Javassist: available
2017-12-01 13:19:18  [ main:13314 ] - [ DEBUG ]  -Dio.netty.noPreferDirect: false
2017-12-01 13:19:18  [ main:13314 ] - [ WARN ]  Unknown channel option: SO_TIMEOUT=1000
2017-12-01 13:19:18  [ nioEventLoopGroup-2-1:13354 ] - [ DEBUG ]  Generated: io.netty.util.internal.__matchers__.william.core.entity.RequestMatcher
2017-12-01 13:19:18  [ nioEventLoopGroup-2-1:13374 ] - [ INFO ]  [id: 0xf3820afb] REGISTERED
2017-12-01 13:19:18  [ nioEventLoopGroup-2-1:13374 ] - [ INFO ]  [id: 0xf3820afb] CONNECT: /127.0.0.1:8080
2017-12-01 13:19:19  [ nioEventLoopGroup-2-1:14385 ] - [ INFO ]  [id: 0xf3820afb] CLOSE
2017-12-01 13:19:19  [ main:14385 ] - [ ERROR ]  java.net.ConnectException: Connection refused: no further information: /127.0.0.1:8080
