2017-11-27 10:16:36  [ main:0 ] - [ DEBUG ]  Using Log4J as the default logging framework
2017-11-27 10:16:36  [ main:31 ] - [ DEBUG ]  Platform: Windows
2017-11-27 10:16:36  [ main:47 ] - [ DEBUG ]  Java version: 7
2017-11-27 10:16:36  [ main:47 ] - [ DEBUG ]  -Dio.netty.noUnsafe: false
2017-11-27 10:16:36  [ main:78 ] - [ DEBUG ]  java.nio.ByteBuffer.cleaner: available
2017-11-27 10:16:36  [ main:109 ] - [ DEBUG ]  java.nio.Buffer.address: available
2017-11-27 10:16:36  [ main:109 ] - [ DEBUG ]  sun.misc.Unsafe.theUnsafe: available
2017-11-27 10:16:36  [ main:109 ] - [ DEBUG ]  sun.misc.Unsafe.copyMemory: available
2017-11-27 10:16:36  [ main:109 ] - [ DEBUG ]  java.nio.Bits.unaligned: true
2017-11-27 10:16:36  [ main:109 ] - [ DEBUG ]  sun.misc.Unsafe: available
2017-11-27 10:16:36  [ main:109 ] - [ DEBUG ]  -Dio.netty.noJavassist: false
2017-11-27 10:16:36  [ main:109 ] - [ DEBUG ]  Javassist: unavailable
2017-11-27 10:16:36  [ main:109 ] - [ DEBUG ]  You don't have Javassist in your class path or you don't have enough permission to load dynamically generated classes.  Please check the configuration for better performance.
2017-11-27 10:16:36  [ main:109 ] - [ DEBUG ]  -Dio.netty.noPreferDirect: false
2017-11-27 10:16:36  [ main:109 ] - [ DEBUG ]  -Dio.netty.allocator.numHeapArenas: 4
2017-11-27 10:16:36  [ main:109 ] - [ DEBUG ]  -Dio.netty.allocator.numDirectArenas: 4
2017-11-27 10:16:36  [ main:125 ] - [ DEBUG ]  -Dio.netty.allocator.pageSize: 8192
2017-11-27 10:16:36  [ main:125 ] - [ DEBUG ]  -Dio.netty.allocator.maxOrder: 11
2017-11-27 10:16:36  [ main:125 ] - [ DEBUG ]  -Dio.netty.allocator.chunkSize: 16777216
2017-11-27 10:16:36  [ main:156 ] - [ DEBUG ]  -Dio.netty.leakDetectionLevel: simple
2017-12-02 09:41:23  [ main:0 ] - [ DEBUG ]  Using Log4J as the default logging framework
2017-12-02 09:41:23  [ main:5 ] - [ DEBUG ]  Platform: Windows
2017-12-02 09:41:23  [ main:7 ] - [ DEBUG ]  Java version: 7
2017-12-02 09:41:23  [ main:7 ] - [ DEBUG ]  -Dio.netty.noUnsafe: false
2017-12-02 09:41:23  [ main:8 ] - [ DEBUG ]  java.nio.ByteBuffer.cleaner: available
2017-12-02 09:41:23  [ main:9 ] - [ DEBUG ]  java.nio.Buffer.address: available
2017-12-02 09:41:23  [ main:9 ] - [ DEBUG ]  sun.misc.Unsafe.theUnsafe: available
2017-12-02 09:41:23  [ main:9 ] - [ DEBUG ]  sun.misc.Unsafe.copyMemory: available
2017-12-02 09:41:23  [ main:10 ] - [ DEBUG ]  java.nio.Bits.unaligned: true
2017-12-02 09:41:23  [ main:10 ] - [ DEBUG ]  sun.misc.Unsafe: available
2017-12-02 09:41:23  [ main:10 ] - [ DEBUG ]  -Dio.netty.noJavassist: false
2017-12-02 09:41:23  [ main:11 ] - [ DEBUG ]  Javassist: unavailable
2017-12-02 09:41:23  [ main:11 ] - [ DEBUG ]  You don't have Javassist in your class path or you don't have enough permission to load dynamically generated classes.  Please check the configuration for better performance.
2017-12-02 09:41:23  [ main:11 ] - [ DEBUG ]  -Dio.netty.noPreferDirect: false
2017-12-02 09:41:23  [ main:12 ] - [ DEBUG ]  -Dio.netty.allocator.numHeapArenas: 8
2017-12-02 09:41:23  [ main:12 ] - [ DEBUG ]  -Dio.netty.allocator.numDirectArenas: 8
2017-12-02 09:41:23  [ main:13 ] - [ DEBUG ]  -Dio.netty.allocator.pageSize: 8192
2017-12-02 09:41:23  [ main:13 ] - [ DEBUG ]  -Dio.netty.allocator.maxOrder: 11
2017-12-02 09:41:23  [ main:13 ] - [ DEBUG ]  -Dio.netty.allocator.chunkSize: 16777216
2017-12-02 09:41:23  [ main:24 ] - [ DEBUG ]  -Dio.netty.leakDetectionLevel: simple
2017-12-02 13:47:50  [ main:0 ] - [ DEBUG ]  Using Log4J as the default logging framework
2017-12-02 13:47:50  [ main:5 ] - [ DEBUG ]  Platform: Windows
2017-12-02 13:47:50  [ main:6 ] - [ DEBUG ]  Java version: 7
2017-12-02 13:47:50  [ main:6 ] - [ DEBUG ]  -Dio.netty.noUnsafe: false
2017-12-02 13:47:50  [ main:8 ] - [ DEBUG ]  java.nio.ByteBuffer.cleaner: available
2017-12-02 13:47:50  [ main:8 ] - [ DEBUG ]  java.nio.Buffer.address: available
2017-12-02 13:47:50  [ main:9 ] - [ DEBUG ]  sun.misc.Unsafe.theUnsafe: available
2017-12-02 13:47:50  [ main:9 ] - [ DEBUG ]  sun.misc.Unsafe.copyMemory: available
2017-12-02 13:47:50  [ main:9 ] - [ DEBUG ]  java.nio.Bits.unaligned: true
2017-12-02 13:47:50  [ main:9 ] - [ DEBUG ]  sun.misc.Unsafe: available
2017-12-02 13:47:50  [ main:10 ] - [ DEBUG ]  -Dio.netty.noJavassist: false
2017-12-02 13:47:50  [ main:11 ] - [ DEBUG ]  Javassist: unavailable
2017-12-02 13:47:50  [ main:11 ] - [ DEBUG ]  You don't have Javassist in your class path or you don't have enough permission to load dynamically generated classes.  Please check the configuration for better performance.
2017-12-02 13:47:50  [ main:11 ] - [ DEBUG ]  -Dio.netty.noPreferDirect: false
2017-12-02 13:47:50  [ main:11 ] - [ DEBUG ]  -Dio.netty.allocator.numHeapArenas: 8
2017-12-02 13:47:50  [ main:11 ] - [ DEBUG ]  -Dio.netty.allocator.numDirectArenas: 8
2017-12-02 13:47:50  [ main:13 ] - [ DEBUG ]  -Dio.netty.allocator.pageSize: 8192
2017-12-02 13:47:50  [ main:13 ] - [ DEBUG ]  -Dio.netty.allocator.maxOrder: 11
2017-12-02 13:47:50  [ main:13 ] - [ DEBUG ]  -Dio.netty.allocator.chunkSize: 16777216
2017-12-02 13:47:50  [ main:24 ] - [ DEBUG ]  -Dio.netty.leakDetectionLevel: simple
